# JRE version: Java(TM) SE Runtime Environment (8.0_11-b12) (build 1.8.0_11-b12)
# Java VM: Java HotSpot(TM) 64-Bit Server VM (25.11-b03 mixed mode windows-amd64 compressed oops)
Heap:
 PSYoungGen      total 15360K, used 15352K [0x00000000edb00000, 0x00000000ef280000, 0x0000000100000000)
  eden space 9728K, 100% used [0x00000000edb00000,0x00000000ee480000,0x00000000ee480000)
  from space 5632K, 99% used [0x00000000eeb00000,0x00000000ef07e030,0x00000000ef080000)
  to   space 6656K, 14% used [0x00000000ee480000,0x00000000ee578010,0x00000000eeb00000)
 ParOldGen       total 55808K, used 14514K [0x00000000c9000000, 0x00000000cc680000, 0x00000000edb00000)
  object space 55808K, 26% used [0x00000000c9000000,0x00000000c9e2cab8,0x00000000cc680000)
 Metaspace       used 4141K, capacity 5024K, committed 5120K, reserved 1056768K
  class space    used 471K, capacity 512K, committed 512K, reserved 1048576K
GC Heap History (10 events):
Event: 0.778 GC heap after
Heap after GC invocations=5 (full 0):
 PSYoungGen      total 2560K, used 494K [0x00000000edb00000, 0x00000000ee200000, 0x0000000100000000)
  eden space 2048K, 0% used [0x00000000edb00000,0x00000000edb00000,0x00000000edd00000)
  from space 512K, 96% used [0x00000000edd00000,0x00000000edd7b820,0x00000000edd80000)
  to   space 1536K, 0% used [0x00000000ee080000,0x00000000ee080000,0x00000000ee200000)
 ParOldGen       total 55808K, used 9146K [0x00000000c9000000, 0x00000000cc680000, 0x00000000edb00000)
  object space 55808K, 16% used [0x00000000c9000000,0x00000000c98eea68,0x00000000cc680000)
 Metaspace       used 4127K, capacity 4960K, committed 5120K, reserved 1056768K
  class space    used 471K, capacity 512K, committed 512K, reserved 1048576K
}
Event: 0.870 GC heap before
{Heap before GC invocations=6 (full 0):
 PSYoungGen      total 2560K, used 2526K [0x00000000edb00000, 0x00000000ee200000, 0x0000000100000000)
  eden space 2048K, 99% used [0x00000000edb00000,0x00000000edcfc1f0,0x00000000edd00000)
  from space 512K, 96% used [0x00000000edd00000,0x00000000edd7b820,0x00000000edd80000)
  to   space 1536K, 0% used [0x00000000ee080000,0x00000000ee080000,0x00000000ee200000)
 ParOldGen       total 55808K, used 9146K [0x00000000c9000000, 0x00000000cc680000, 0x00000000edb00000)
  object space 55808K, 16% used [0x00000000c9000000,0x00000000c98eea68,0x00000000cc680000)
 Metaspace       used 4134K, capacity 4960K, committed 5120K, reserved 1056768K
  class space    used 471K, capacity 512K, committed 512K, reserved 1048576K
Event: 0.944 GC heap after
Heap after GC invocations=6 (full 0):
 PSYoungGen      total 5120K, used 1488K [0x00000000edb00000, 0x00000000ee300000, 0x0000000100000000)
  eden space 3584K, 0% used [0x00000000edb00000,0x00000000edb00000,0x00000000ede80000)
  from space 1536K, 96% used [0x00000000ee080000,0x00000000ee1f4050,0x00000000ee200000)
  to   space 2048K, 0% used [0x00000000ede80000,0x00000000ede80000,0x00000000ee080000)
 ParOldGen       total 55808K, used 9146K [0x00000000c9000000, 0x00000000cc680000, 0x00000000edb00000)
  object space 55808K, 16% used [0x00000000c9000000,0x00000000c98eea68,0x00000000cc680000)
 Metaspace       used 4134K, capacity 4960K, committed 5120K, reserved 1056768K
  class space    used 471K, capacity 512K, committed 512K, reserved 1048576K
}
Event: 1.011 GC heap before
{Heap before GC invocations=7 (full 0):
 PSYoungGen      total 5120K, used 5072K [0x00000000edb00000, 0x00000000ee300000, 0x0000000100000000)
  eden space 3584K, 100% used [0x00000000edb00000,0x00000000ede80000,0x00000000ede80000)
  from space 1536K, 96% used [0x00000000ee080000,0x00000000ee1f4050,0x00000000ee200000)
  to   space 2048K, 0% used [0x00000000ede80000,0x00000000ede80000,0x00000000ee080000)
 ParOldGen       total 55808K, used 9146K [0x00000000c9000000, 0x00000000cc680000, 0x00000000edb00000)
  object space 55808K, 16% used [0x00000000c9000000,0x00000000c98eea68,0x00000000cc680000)
 Metaspace       used 4138K, capacity 4960K, committed 5120K, reserved 1056768K
  class space    used 471K, capacity 512K, committed 512K, reserved 1048576K
Event: 1.057 GC heap after
Heap after GC invocations=7 (full 0):
 PSYoungGen      total 5632K, used 2028K [0x00000000edb00000, 0x00000000ee800000, 0x0000000100000000)
  eden space 3584K, 0% used [0x00000000edb00000,0x00000000edb00000,0x00000000ede80000)
  from space 2048K, 99% used [0x00000000ede80000,0x00000000ee07b030,0x00000000ee080000)
  to   space 3072K, 0% used [0x00000000ee500000,0x00000000ee500000,0x00000000ee800000)
 ParOldGen       total 55808K, used 10258K [0x00000000c9000000, 0x00000000cc680000, 0x00000000edb00000)
  object space 55808K, 18% used [0x00000000c9000000,0x00000000c9a04ab8,0x00000000cc680000)
 Metaspace       used 4138K, capacity 4960K, committed 5120K, reserved 1056768K
  class space    used 471K, capacity 512K, committed 512K, reserved 1048576K
}
Event: 1.122 GC heap before
{Heap before GC invocations=8 (full 0):
 PSYoungGen      total 5632K, used 5612K [0x00000000edb00000, 0x00000000ee800000, 0x0000000100000000)
  eden space 3584K, 100% used [0x00000000edb00000,0x00000000ede80000,0x00000000ede80000)
  from space 2048K, 99% used [0x00000000ede80000,0x00000000ee07b030,0x00000000ee080000)
  to   space 3072K, 0% used [0x00000000ee500000,0x00000000ee500000,0x00000000ee800000)
 ParOldGen       total 55808K, used 10258K [0x00000000c9000000, 0x00000000cc680000, 0x00000000edb00000)
  object space 55808K, 18% used [0x00000000c9000000,0x00000000c9a04ab8,0x00000000cc680000)
 Metaspace       used 4138K, capacity 4960K, committed 5120K, reserved 1056768K
  class space    used 471K, capacity 512K, committed 512K, reserved 1048576K
Event: 1.203 GC heap after
Heap after GC invocations=8 (full 0):
 PSYoungGen      total 9728K, used 3052K [0x00000000edb00000, 0x00000000ee900000, 0x0000000100000000)
  eden space 6656K, 0% used [0x00000000edb00000,0x00000000edb00000,0x00000000ee180000)
  from space 3072K, 99% used [0x00000000ee500000,0x00000000ee7fb030,0x00000000ee800000)
  to   space 3584K, 0% used [0x00000000ee180000,0x00000000ee180000,0x00000000ee500000)
 ParOldGen       total 55808K, used 10882K [0x00000000c9000000, 0x00000000cc680000, 0x00000000edb00000)
  object space 55808K, 19% used [0x00000000c9000000,0x00000000c9aa0ab8,0x00000000cc680000)
 Metaspace       used 4138K, capacity 4960K, committed 5120K, reserved 1056768K
  class space    used 471K, capacity 512K, committed 512K, reserved 1048576K
}
Event: 1.266 GC heap before
{Heap before GC invocations=9 (full 0):
 PSYoungGen      total 9728K, used 9708K [0x00000000edb00000, 0x00000000ee900000, 0x0000000100000000)
  eden space 6656K, 100% used [0x00000000edb00000,0x00000000ee180000,0x00000000ee180000)
  from space 3072K, 99% used [0x00000000ee500000,0x00000000ee7fb030,0x00000000ee800000)
  to   space 3584K, 0% used [0x00000000ee180000,0x00000000ee180000,0x00000000ee500000)
 ParOldGen       total 55808K, used 10882K [0x00000000c9000000, 0x00000000cc680000, 0x00000000edb00000)
  object space 55808K, 19% used [0x00000000c9000000,0x00000000c9aa0ab8,0x00000000cc680000)
 Metaspace       used 4141K, capacity 5024K, committed 5120K, reserved 1056768K
  class space    used 471K, capacity 512K, committed 512K, reserved 1048576K
Event: 1.304 GC heap after
Heap after GC invocations=9 (full 0):
 PSYoungGen      total 10240K, used 3576K [0x00000000edb00000, 0x00000000ef080000, 0x0000000100000000)
  eden space 6656K, 0% used [0x00000000edb00000,0x00000000edb00000,0x00000000ee180000)
  from space 3584K, 99% used [0x00000000ee180000,0x00000000ee4fe030,0x00000000ee500000)
  to   space 5632K, 0% used [0x00000000eeb00000,0x00000000eeb00000,0x00000000ef080000)
 ParOldGen       total 55808K, used 13458K [0x00000000c9000000, 0x00000000cc680000, 0x00000000edb00000)
  object space 55808K, 24% used [0x00000000c9000000,0x00000000c9d24ab8,0x00000000cc680000)
 Metaspace       used 4141K, capacity 5024K, committed 5120K, reserved 1056768K
  class space    used 471K, capacity 512K, committed 512K, reserved 1048576K
}
Event: 1.386 GC heap before
{Heap before GC invocations=10 (full 0):
 PSYoungGen      total 10240K, used 10232K [0x00000000edb00000, 0x00000000ef080000, 0x0000000100000000)
  eden space 6656K, 100% used [0x00000000edb00000,0x00000000ee180000,0x00000000ee180000)
  from space 3584K, 99% used [0x00000000ee180000,0x00000000ee4fe030,0x00000000ee500000)
  to   space 5632K, 0% used [0x00000000eeb00000,0x00000000eeb00000,0x00000000ef080000)
 ParOldGen       total 55808K, used 13458K [0x00000000c9000000, 0x00000000cc680000, 0x00000000edb00000)
  object space 55808K, 24% used [0x00000000c9000000,0x00000000c9d24ab8,0x00000000cc680000)
 Metaspace       used 4141K, capacity 5024K, committed 5120K, reserved 1056768K
  class space    used 471K, capacity 512K, committed 512K, reserved 1048576K

